2025-11-02 10:29:01,469 - INFO - Fetching quote...
2025-11-02 10:29:03,426 - INFO - Quote fetched successfully: “A lie can travel half way around the world while the truth is putting on its shoes.” — Mark Twain
2025-11-02 10:29:03,426 - INFO - Preparing to send emails to users...
2025-11-02 10:29:04,117 - INFO - NumExpr defaulting to 4 threads.
2025-11-02 10:29:15,406 - WARNING - Attempt 1 failed for kabirolawlemohammed@yahoo.com: (535, b'5.7.8 Username and Password not accepted. For more information, go to\n5.7.8  https://support.google.com/mail/?p=BadCredentials ffacd0b85a97d-429c6ac1645sm8783932f8f.12 - gsmtp')
2025-11-02 10:29:24,537 - WARNING - Attempt 2 failed for kabirolawlemohammed@yahoo.com: (535, b'5.7.8 Username and Password not accepted. For more information, go to\n5.7.8  https://support.google.com/mail/?p=BadCredentials 5b1f17b1804b1-4772fd42647sm59171835e9.13 - gsmtp')
2025-11-02 10:29:33,634 - WARNING - Attempt 3 failed for kabirolawlemohammed@yahoo.com: (535, b'5.7.8 Username and Password not accepted. For more information, go to\n5.7.8  https://support.google.com/mail/?p=BadCredentials ffacd0b85a97d-429c11182e3sm13652321f8f.11 - gsmtp')
2025-11-02 10:29:38,635 - ERROR - Failed to send email to kabirolawlemohammed@yahoo.com after 3 retries
2025-11-02 10:30:02,502 - WARNING - Attempt 1 failed for skyfortglobalresourcesltd@yahoo.com: (535, b'5.7.8 Username and Password not accepted. For more information, go to\n5.7.8  https://support.google.com/mail/?p=BadCredentials 5b1f17b1804b1-4773c48e805sm90755055e9.4 - gsmtp')
2025-11-02 10:30:36,776 - WARNING - Attempt 2 failed for skyfortglobalresourcesltd@yahoo.com: Connection unexpectedly closed
2025-11-02 10:31:30,879 - WARNING - Attempt 3 failed for skyfortglobalresourcesltd@yahoo.com: (535, b'5.7.8 Username and Password not accepted. For more information, go to\n5.7.8  https://support.google.com/mail/?p=BadCredentials ffacd0b85a97d-429d1061efasm1641218f8f.24 - gsmtp')
2025-11-02 10:31:40,310 - ERROR - Failed to send email to skyfortglobalresourcesltd@yahoo.com after 3 retries
2025-11-02 10:32:14,105 - WARNING - Attempt 1 failed for solapeajiboye@gmail.com: Connection unexpectedly closed
2025-11-02 10:32:22,005 - WARNING - Attempt 2 failed for solapeajiboye@gmail.com: (535, b'5.7.8 Username and Password not accepted. For more information, go to\n5.7.8  https://support.google.com/mail/?p=BadCredentials 5b1f17b1804b1-4773c53ec43sm99639555e9.9 - gsmtp')
2025-11-02 10:32:29,633 - WARNING - Attempt 3 failed for solapeajiboye@gmail.com: (535, b'5.7.8 Username and Password not accepted. For more information, go to\n5.7.8  https://support.google.com/mail/?p=BadCredentials 5b1f17b1804b1-4773c4a812csm100555455e9.6 - gsmtp')
2025-11-02 10:32:34,633 - ERROR - Failed to send email to solapeajiboye@gmail.com after 3 retries
2025-11-02 10:33:14,144 - WARNING - Attempt 1 failed for aladeyussuf.kofo@gmail.com: Connection unexpectedly closed
2025-11-02 10:33:35,525 - WARNING - Attempt 2 failed for aladeyussuf.kofo@gmail.com: (535, b'5.7.8 Username and Password not accepted. For more information, go to\n5.7.8  https://support.google.com/mail/?p=BadCredentials ffacd0b85a97d-429c13ec105sm13746481f8f.36 - gsmtp')
2025-11-02 10:33:42,940 - WARNING - Attempt 3 failed for aladeyussuf.kofo@gmail.com: (535, b'5.7.8 Username and Password not accepted. For more information, go to\n5.7.8  https://support.google.com/mail/?p=BadCredentials 5b1f17b1804b1-4772fd38c4esm58911355e9.12 - gsmtp')
2025-11-02 10:33:49,584 - ERROR - Failed to send email to aladeyussuf.kofo@gmail.com after 3 retries
2025-11-02 10:33:49,584 - WARNING - Attempt 1 failed for kabirwale@yahoo.com: name 'MIMEBase' is not defined
2025-11-02 10:33:54,585 - WARNING - Attempt 2 failed for kabirwale@yahoo.com: name 'MIMEBase' is not defined
2025-11-02 10:33:59,589 - WARNING - Attempt 3 failed for kabirwale@yahoo.com: name 'MIMEBase' is not defined
2025-11-02 10:34:04,589 - ERROR - Failed to send email to kabirwale@yahoo.com after 3 retries
2025-11-02 10:34:04,589 - INFO - Daily summary sent to admin kabirwale@yahoo.com
2025-11-02 10:52:58,388 - INFO - Fetching quote...
2025-11-02 10:52:58,389 - INFO - Fetching quote from API...
2025-11-02 10:53:02,230 - INFO - Quote fetched successfully: “A lie can travel half way around the world while the truth is putting on its shoes.” — Mark Twain
2025-11-02 10:53:02,231 - INFO - Preparing to send emails to users...
2025-11-02 10:53:02,232 - INFO - Connecting to the database...
2025-11-02 10:53:02,279 - INFO - Connected to database to fetch active users with daily frequency
2025-11-02 10:53:03,163 - INFO - NumExpr defaulting to 4 threads.
2025-11-02 10:53:03,548 - INFO - Fetched 4 active users with daily frequency
2025-11-02 10:53:12,732 - WARNING - Attempt 1 failed for kabirolawlemohammed@yahoo.com: (535, b'5.7.8 Username and Password not accepted. For more information, go to\n5.7.8  https://support.google.com/mail/?p=BadCredentials ffacd0b85a97d-429ca375a1dsm6740447f8f.27 - gsmtp')
2025-11-02 10:53:22,910 - WARNING - Attempt 2 failed for kabirolawlemohammed@yahoo.com: (535, b'5.7.8 Username and Password not accepted. For more information, go to\n5.7.8  https://support.google.com/mail/?p=BadCredentials ffacd0b85a97d-429c8910c42sm7626346f8f.7 - gsmtp')
2025-11-02 10:53:30,338 - WARNING - Attempt 3 failed for kabirolawlemohammed@yahoo.com: (535, b'5.7.8 Username and Password not accepted. For more information, go to\n5.7.8  https://support.google.com/mail/?p=BadCredentials 5b1f17b1804b1-4773c4ac5d6sm92761875e9.8 - gsmtp')
2025-11-02 10:53:35,339 - ERROR - Failed to send email to kabirolawlemohammed@yahoo.com after 3 retries
2025-11-02 10:53:37,890 - WARNING - Attempt 1 failed for skyfortglobalresourcesltd@yahoo.com: (535, b'5.7.8 Username and Password not accepted. For more information, go to\n5.7.8  https://support.google.com/mail/?p=BadCredentials 5b1f17b1804b1-4773c394e6csm90340425e9.15 - gsmtp')
2025-11-02 10:53:45,343 - WARNING - Attempt 2 failed for skyfortglobalresourcesltd@yahoo.com: (535, b'5.7.8 Username and Password not accepted. For more information, go to\n5.7.8  https://support.google.com/mail/?p=BadCredentials 5b1f17b1804b1-4772fd38c4esm59224335e9.12 - gsmtp')
2025-11-02 10:53:54,462 - WARNING - Attempt 3 failed for skyfortglobalresourcesltd@yahoo.com: (535, b'5.7.8 Username and Password not accepted. For more information, go to\n5.7.8  https://support.google.com/mail/?p=BadCredentials 5b1f17b1804b1-4772fbbf20csm59632015e9.3 - gsmtp')
2025-11-02 10:53:59,463 - ERROR - Failed to send email to skyfortglobalresourcesltd@yahoo.com after 3 retries
2025-11-02 10:54:01,796 - WARNING - Attempt 1 failed for solapeajiboye@gmail.com: (535, b'5.7.8 Username and Password not accepted. For more information, go to\n5.7.8  https://support.google.com/mail/?p=BadCredentials 5b1f17b1804b1-4773c383b45sm91976145e9.9 - gsmtp')
2025-11-02 10:54:09,461 - WARNING - Attempt 2 failed for solapeajiboye@gmail.com: (535, b'5.7.8 Username and Password not accepted. For more information, go to\n5.7.8  https://support.google.com/mail/?p=BadCredentials ffacd0b85a97d-429cdf42104sm3333797f8f.3 - gsmtp')
2025-11-02 10:54:16,833 - WARNING - Attempt 3 failed for solapeajiboye@gmail.com: (535, b'5.7.8 Username and Password not accepted. For more information, go to\n5.7.8  https://support.google.com/mail/?p=BadCredentials ffacd0b85a97d-429d28f2d29sm350316f8f.5 - gsmtp')
2025-11-02 10:54:21,834 - ERROR - Failed to send email to solapeajiboye@gmail.com after 3 retries
2025-11-02 10:54:24,508 - WARNING - Attempt 1 failed for aladeyussuf.kofo@gmail.com: (535, b'5.7.8 Username and Password not accepted. For more information, go to\n5.7.8  https://support.google.com/mail/?p=BadCredentials 5b1f17b1804b1-4772fab7b79sm59392365e9.0 - gsmtp')
2025-11-02 10:54:33,465 - WARNING - Attempt 2 failed for aladeyussuf.kofo@gmail.com: (535, b'5.7.8 Username and Password not accepted. For more information, go to\n5.7.8  https://support.google.com/mail/?p=BadCredentials 5b1f17b1804b1-4773c53ec43sm101008375e9.9 - gsmtp')
2025-11-02 10:54:40,814 - WARNING - Attempt 3 failed for aladeyussuf.kofo@gmail.com: (535, b'5.7.8 Username and Password not accepted. For more information, go to\n5.7.8  https://support.google.com/mail/?p=BadCredentials 5b1f17b1804b1-4772fabe2fbsm64090745e9.0 - gsmtp')
2025-11-02 10:54:45,815 - ERROR - Failed to send email to aladeyussuf.kofo@gmail.com after 3 retries
2025-11-02 10:54:45,816 - WARNING - Attempt 1 failed for kabirwale@yahoo.com: name 'MIMEBase' is not defined
2025-11-02 10:54:50,817 - WARNING - Attempt 2 failed for kabirwale@yahoo.com: name 'MIMEBase' is not defined
2025-11-02 10:54:55,819 - WARNING - Attempt 3 failed for kabirwale@yahoo.com: name 'MIMEBase' is not defined
2025-11-02 10:55:02,444 - ERROR - Failed to send email to kabirwale@yahoo.com after 3 retries
2025-11-02 10:55:02,445 - INFO - Daily summary sent to admin kabirwale@yahoo.com
2025-11-02 11:06:22,515 - INFO - Fetching quote...
2025-11-02 11:06:22,527 - INFO - Fetching quote from API...
2025-11-02 11:06:24,259 - INFO - Quote fetched successfully: “A lie can travel half way around the world while the truth is putting on its shoes.” — Mark Twain
2025-11-02 11:06:24,260 - INFO - Preparing to send emails to users...
2025-11-02 11:06:24,260 - INFO - Connecting to the database...
2025-11-02 11:06:24,390 - INFO - Connected to database to fetch active users with daily frequency
2025-11-02 11:06:30,834 - INFO - NumExpr defaulting to 4 threads.
2025-11-02 11:06:33,192 - INFO - Fetched 4 active users with daily frequency
2025-11-02 11:06:35,700 - WARNING - Attempt 1 failed for kabirolawlemohammed@yahoo.com: (534, b'5.7.9 Application-specific password required. For more information, go to\n5.7.9  https://support.google.com/mail/?p=InvalidSecondFactor 5b1f17b1804b1-4773c2e66f8sm92567615e9.1 - gsmtp')
2025-11-02 11:06:45,110 - WARNING - Attempt 2 failed for kabirolawlemohammed@yahoo.com: (534, b'5.7.9 Application-specific password required. For more information, go to\n5.7.9  https://support.google.com/mail/?p=InvalidSecondFactor ffacd0b85a97d-429c85ad08esm7865134f8f.19 - gsmtp')
2025-11-02 11:06:52,432 - WARNING - Attempt 3 failed for kabirolawlemohammed@yahoo.com: (534, b'5.7.9 Application-specific password required. For more information, go to\n5.7.9  https://support.google.com/mail/?p=InvalidSecondFactor ffacd0b85a97d-429cab8575bsm6404691f8f.31 - gsmtp')
2025-11-02 11:06:57,432 - ERROR - Failed to send email to kabirolawlemohammed@yahoo.com after 3 retries
2025-11-02 11:06:59,624 - WARNING - Attempt 1 failed for skyfortglobalresourcesltd@yahoo.com: (534, b'5.7.9 Application-specific password required. For more information, go to\n5.7.9  https://support.google.com/mail/?p=InvalidSecondFactor ffacd0b85a97d-429cdd11467sm3486449f8f.26 - gsmtp')
2025-11-02 11:07:07,051 - WARNING - Attempt 2 failed for skyfortglobalresourcesltd@yahoo.com: (534, b'5.7.9 Application-specific password required. For more information, go to\n5.7.9  https://support.google.com/mail/?p=InvalidSecondFactor ffacd0b85a97d-429d1061efasm1793126f8f.24 - gsmtp')
2025-11-02 11:07:16,807 - WARNING - Attempt 3 failed for skyfortglobalresourcesltd@yahoo.com: (534, b'5.7.9 Application-specific password required. For more information, go to\n5.7.9  https://support.google.com/mail/?p=InvalidSecondFactor ffacd0b85a97d-429cdf42104sm3385217f8f.3 - gsmtp')
2025-11-02 11:07:21,808 - ERROR - Failed to send email to skyfortglobalresourcesltd@yahoo.com after 3 retries
2025-11-02 11:07:24,129 - WARNING - Attempt 1 failed for solapeajiboye@gmail.com: (534, b'5.7.9 Application-specific password required. For more information, go to\n5.7.9  https://support.google.com/mail/?p=InvalidSecondFactor ffacd0b85a97d-429ca375a1dsm6796925f8f.27 - gsmtp')
2025-11-02 11:07:31,362 - WARNING - Attempt 2 failed for solapeajiboye@gmail.com: (534, b'5.7.9 Application-specific password required. For more information, go to\n5.7.9  https://support.google.com/mail/?p=InvalidSecondFactor ffacd0b85a97d-429c54498dfsm10262880f8f.34 - gsmtp')
2025-11-02 11:07:38,675 - WARNING - Attempt 3 failed for solapeajiboye@gmail.com: (534, b'5.7.9 Application-specific password required. For more information, go to\n5.7.9  https://support.google.com/mail/?p=InvalidSecondFactor 5b1f17b1804b1-4773c383b75sm107206035e9.11 - gsmtp')
2025-11-02 11:07:43,676 - ERROR - Failed to send email to solapeajiboye@gmail.com after 3 retries
2025-11-02 11:07:46,004 - WARNING - Attempt 1 failed for aladeyussuf.kofo@gmail.com: (534, b'5.7.9 Application-specific password required. For more information, go to\n5.7.9  https://support.google.com/mail/?p=InvalidSecondFactor 5b1f17b1804b1-4773c2e674csm90900325e9.4 - gsmtp')
2025-11-02 11:07:55,128 - WARNING - Attempt 2 failed for aladeyussuf.kofo@gmail.com: (534, b'5.7.9 Application-specific password required. For more information, go to\n5.7.9  https://support.google.com/mail/?p=InvalidSecondFactor ffacd0b85a97d-429c13e1c9esm14007919f8f.22 - gsmtp')
2025-11-02 11:08:02,448 - WARNING - Attempt 3 failed for aladeyussuf.kofo@gmail.com: (534, b'5.7.9 Application-specific password required. For more information, go to\n5.7.9  https://support.google.com/mail/?p=InvalidSecondFactor 5b1f17b1804b1-4773c5647e1sm90269565e9.15 - gsmtp')
2025-11-02 11:08:07,448 - ERROR - Failed to send email to aladeyussuf.kofo@gmail.com after 3 retries
2025-11-02 11:08:09,739 - WARNING - Attempt 1 failed for kabirwale@yahoo.com: (534, b'5.7.9 Application-specific password required. For more information, go to\n5.7.9  https://support.google.com/mail/?p=InvalidSecondFactor 5b1f17b1804b1-4773c4af7c7sm92586335e9.7 - gsmtp')
2025-11-02 11:08:16,908 - WARNING - Attempt 2 failed for kabirwale@yahoo.com: (534, b'5.7.9 Application-specific password required. For more information, go to\n5.7.9  https://support.google.com/mail/?p=InvalidSecondFactor 5b1f17b1804b1-4773c2e66f8sm92634495e9.1 - gsmtp')
2025-11-02 11:08:26,182 - WARNING - Attempt 3 failed for kabirwale@yahoo.com: (534, b'5.7.9 Application-specific password required. For more information, go to\n5.7.9  https://support.google.com/mail/?p=InvalidSecondFactor ffacd0b85a97d-429c9416f82sm7657589f8f.6 - gsmtp')
2025-11-02 11:08:31,183 - ERROR - Failed to send email to kabirwale@yahoo.com after 3 retries
2025-11-02 11:08:31,183 - INFO - Daily summary sent to admin kabirwale@yahoo.com
2025-11-02 11:10:12,378 - INFO - Fetching quote...
2025-11-02 11:10:12,378 - INFO - Fetching quote from API...
2025-11-02 11:10:26,599 - INFO - Quote fetched successfully: “A lie can travel half way around the world while the truth is putting on its shoes.” — Mark Twain
2025-11-02 11:10:26,599 - INFO - Preparing to send emails to users...
2025-11-02 11:10:26,599 - INFO - Connecting to the database...
2025-11-02 11:10:26,615 - INFO - Connected to database to fetch active users with daily frequency
2025-11-02 11:10:26,866 - INFO - NumExpr defaulting to 4 threads.
2025-11-02 11:10:27,060 - INFO - Fetched 4 active users with daily frequency
2025-11-02 11:10:29,527 - WARNING - Attempt 1 failed for kabirolawlemohammed@yahoo.com: (534, b'5.7.9 Application-specific password required. For more information, go to\n5.7.9  https://support.google.com/mail/?p=InvalidSecondFactor ffacd0b85a97d-429cde45b96sm3427228f8f.32 - gsmtp')
2025-11-02 11:10:37,100 - WARNING - Attempt 2 failed for kabirolawlemohammed@yahoo.com: (534, b'5.7.9 Application-specific password required. For more information, go to\n5.7.9  https://support.google.com/mail/?p=InvalidSecondFactor ffacd0b85a97d-429ce80ded1sm2910883f8f.4 - gsmtp')
2025-11-02 11:10:46,539 - WARNING - Attempt 3 failed for kabirolawlemohammed@yahoo.com: (534, b'5.7.9 Application-specific password required. For more information, go to\n5.7.9  https://support.google.com/mail/?p=InvalidSecondFactor 5b1f17b1804b1-4773c3a77b1sm93241975e9.17 - gsmtp')
2025-11-02 11:10:51,540 - ERROR - Failed to send email to kabirolawlemohammed@yahoo.com after 3 retries
2025-11-02 11:10:53,911 - WARNING - Attempt 1 failed for skyfortglobalresourcesltd@yahoo.com: (534, b'5.7.9 Application-specific password required. For more information, go to\n5.7.9  https://support.google.com/mail/?p=InvalidSecondFactor 5b1f17b1804b1-4772fcf7d07sm60403265e9.9 - gsmtp')
2025-11-02 11:11:01,288 - WARNING - Attempt 2 failed for skyfortglobalresourcesltd@yahoo.com: (534, b'5.7.9 Application-specific password required. For more information, go to\n5.7.9  https://support.google.com/mail/?p=InvalidSecondFactor ffacd0b85a97d-429c13f1d4csm13073252f8f.39 - gsmtp')
2025-11-02 11:11:08,656 - WARNING - Attempt 3 failed for skyfortglobalresourcesltd@yahoo.com: (534, b'5.7.9 Application-specific password required. For more information, go to\n5.7.9  https://support.google.com/mail/?p=InvalidSecondFactor ffacd0b85a97d-429ce80df16sm2915219f8f.2 - gsmtp')
2025-11-02 11:11:13,657 - ERROR - Failed to send email to skyfortglobalresourcesltd@yahoo.com after 3 retries
2025-11-02 11:11:18,121 - WARNING - Attempt 1 failed for solapeajiboye@gmail.com: (534, b'5.7.9 Application-specific password required. For more information, go to\n5.7.9  https://support.google.com/mail/?p=InvalidSecondFactor ffacd0b85a97d-429c10ff1besm13616856f8f.9 - gsmtp')
2025-11-02 11:11:25,500 - WARNING - Attempt 2 failed for solapeajiboye@gmail.com: (534, b'5.7.9 Application-specific password required. For more information, go to\n5.7.9  https://support.google.com/mail/?p=InvalidSecondFactor 5b1f17b1804b1-4772fbbf4besm60958585e9.1 - gsmtp')
2025-11-02 11:11:32,856 - WARNING - Attempt 3 failed for solapeajiboye@gmail.com: (534, b'5.7.9 Application-specific password required. For more information, go to\n5.7.9  https://support.google.com/mail/?p=InvalidSecondFactor 5b1f17b1804b1-4773c2e674csm91047505e9.4 - gsmtp')
2025-11-02 11:11:37,857 - ERROR - Failed to send email to solapeajiboye@gmail.com after 3 retries
2025-11-02 11:11:40,132 - WARNING - Attempt 1 failed for aladeyussuf.kofo@gmail.com: (534, b'5.7.9 Application-specific password required. For more information, go to\n5.7.9  https://support.google.com/mail/?p=InvalidSecondFactor ffacd0b85a97d-429c13f2b5asm13539893f8f.40 - gsmtp')
2025-11-02 11:11:47,414 - WARNING - Attempt 2 failed for aladeyussuf.kofo@gmail.com: (534, b'5.7.9 Application-specific password required. For more information, go to\n5.7.9  https://support.google.com/mail/?p=InvalidSecondFactor 5b1f17b1804b1-4773c2e677csm92897135e9.3 - gsmtp')
2025-11-02 11:11:54,640 - WARNING - Attempt 3 failed for aladeyussuf.kofo@gmail.com: Connection unexpectedly closed
2025-11-02 11:11:59,640 - ERROR - Failed to send email to aladeyussuf.kofo@gmail.com after 3 retries
2025-11-02 11:11:59,778 - WARNING - Attempt 1 failed for kabirwale@yahoo.com: Connection unexpectedly closed
2025-11-02 11:12:04,895 - WARNING - Attempt 2 failed for kabirwale@yahoo.com: Connection unexpectedly closed
2025-11-02 11:12:10,082 - WARNING - Attempt 3 failed for kabirwale@yahoo.com: Connection unexpectedly closed
2025-11-02 11:12:15,083 - ERROR - Failed to send email to kabirwale@yahoo.com after 3 retries
2025-11-02 11:12:15,083 - INFO - Daily summary sent to admin kabirwale@yahoo.com
2025-11-02 11:30:19,849 - INFO - Fetching quote...
2025-11-02 11:30:19,850 - INFO - Fetching quote from API...
2025-11-02 11:30:28,619 - INFO - Quote fetched successfully: “A lie can travel half way around the world while the truth is putting on its shoes.” — Mark Twain
2025-11-02 11:30:28,620 - INFO - Preparing to send emails to users...
2025-11-02 11:30:28,620 - INFO - Connecting to the database...
2025-11-02 11:30:28,681 - INFO - Connected to database to fetch active users with daily frequency
2025-11-02 11:30:29,169 - INFO - NumExpr defaulting to 4 threads.
2025-11-02 11:30:29,444 - INFO - Fetched 4 active users with daily frequency
2025-11-02 11:30:41,521 - WARNING - Attempt 1 failed for kabirolawlemohammed@yahoo.com: (535, b'5.7.8 Username and Password not accepted. For more information, go to\n5.7.8  https://support.google.com/mail/?p=BadCredentials ffacd0b85a97d-429c9737830sm7185541f8f.16 - gsmtp')
2025-11-02 11:30:51,832 - WARNING - Attempt 2 failed for kabirolawlemohammed@yahoo.com: (535, b'5.7.8 Username and Password not accepted. For more information, go to\n5.7.8  https://support.google.com/mail/?p=BadCredentials ffacd0b85a97d-429c13f1d4csm13156577f8f.39 - gsmtp')
2025-11-02 11:30:58,887 - WARNING - Attempt 3 failed for kabirolawlemohammed@yahoo.com: (535, b'5.7.8 Username and Password not accepted. For more information, go to\n5.7.8  https://support.google.com/mail/?p=BadCredentials ffacd0b85a97d-429c13e0311sm13337347f8f.30 - gsmtp')
2025-11-02 11:31:03,888 - ERROR - Failed to send email to kabirolawlemohammed@yahoo.com after 3 retries
2025-11-02 11:31:06,111 - WARNING - Attempt 1 failed for skyfortglobalresourcesltd@yahoo.com: (535, b'5.7.8 Username and Password not accepted. For more information, go to\n5.7.8  https://support.google.com/mail/?p=BadCredentials 5b1f17b1804b1-4773c727cb0sm91320055e9.10 - gsmtp')
2025-11-02 11:31:13,436 - WARNING - Attempt 2 failed for skyfortglobalresourcesltd@yahoo.com: (535, b'5.7.8 Username and Password not accepted. For more information, go to\n5.7.8  https://support.google.com/mail/?p=BadCredentials ffacd0b85a97d-429ce80ded1sm2997425f8f.4 - gsmtp')
2025-11-02 11:31:21,180 - WARNING - Attempt 3 failed for skyfortglobalresourcesltd@yahoo.com: (535, b'5.7.8 Username and Password not accepted. For more information, go to\n5.7.8  https://support.google.com/mail/?p=BadCredentials ffacd0b85a97d-429c416a0e5sm12550837f8f.15 - gsmtp')
2025-11-02 11:31:28,553 - ERROR - Failed to send email to skyfortglobalresourcesltd@yahoo.com after 3 retries
2025-11-02 11:31:28,652 - WARNING - Attempt 1 failed for solapeajiboye@gmail.com: Connection unexpectedly closed
2025-11-02 11:31:33,780 - WARNING - Attempt 2 failed for solapeajiboye@gmail.com: Connection unexpectedly closed
2025-11-02 11:31:38,948 - WARNING - Attempt 3 failed for solapeajiboye@gmail.com: Connection unexpectedly closed
2025-11-02 11:31:43,999 - ERROR - Failed to send email to solapeajiboye@gmail.com after 3 retries
2025-11-02 11:31:46,843 - WARNING - Attempt 1 failed for aladeyussuf.kofo@gmail.com: (535, b'5.7.8 Username and Password not accepted. For more information, go to\n5.7.8  https://support.google.com/mail/?p=BadCredentials ffacd0b85a97d-429c13f4732sm13860516f8f.43 - gsmtp')
2025-11-02 11:31:51,996 - WARNING - Attempt 2 failed for aladeyussuf.kofo@gmail.com: Connection unexpectedly closed
2025-11-02 11:31:57,150 - WARNING - Attempt 3 failed for aladeyussuf.kofo@gmail.com: Connection unexpectedly closed
2025-11-02 11:32:01,215 - ERROR - Failed to send email to aladeyussuf.kofo@gmail.com after 3 retries
2025-11-02 11:32:01,354 - WARNING - Attempt 1 failed for kabirwale@yahoo.com: Connection unexpectedly closed
2025-11-02 11:32:06,490 - WARNING - Attempt 2 failed for kabirwale@yahoo.com: Connection unexpectedly closed
2025-11-02 11:32:11,661 - WARNING - Attempt 3 failed for kabirwale@yahoo.com: Connection unexpectedly closed
2025-11-02 11:32:16,661 - ERROR - Failed to send email to kabirwale@yahoo.com after 3 retries
2025-11-02 11:32:16,661 - INFO - Daily summary sent to admin kabirwale@yahoo.com
2025-11-02 11:36:00,502 - INFO - Fetching quote...
2025-11-02 11:36:00,502 - INFO - Fetching quote from API...
2025-11-02 11:36:01,433 - INFO - Quote fetched successfully: “A lie can travel half way around the world while the truth is putting on its shoes.” — Mark Twain
2025-11-02 11:36:01,434 - INFO - Preparing to send emails to users...
2025-11-02 11:36:01,435 - INFO - Connecting to the database...
2025-11-02 11:36:01,475 - INFO - Connected to database to fetch active users with daily frequency
2025-11-02 11:36:01,726 - INFO - NumExpr defaulting to 4 threads.
2025-11-02 11:36:01,951 - INFO - Fetched 4 active users with daily frequency
2025-11-02 11:36:05,594 - WARNING - Attempt 1 failed for kabirolawlemohammed@yahoo.com: (535, b'5.7.8 Username and Password not accepted. For more information, go to\n5.7.8  https://support.google.com/mail/?p=BadCredentials ffacd0b85a97d-429c85ad08esm7983850f8f.19 - gsmtp')
2025-11-02 11:36:13,003 - WARNING - Attempt 2 failed for kabirolawlemohammed@yahoo.com: (535, b'5.7.8 Username and Password not accepted. For more information, go to\n5.7.8  https://support.google.com/mail/?p=BadCredentials ffacd0b85a97d-429c13ebfe8sm14009237f8f.35 - gsmtp')
2025-11-02 11:36:44,408 - WARNING - Attempt 3 failed for kabirolawlemohammed@yahoo.com: (535, b'5.7.8 Username and Password not accepted. For more information, go to\n5.7.8  https://support.google.com/mail/?p=BadCredentials ffacd0b85a97d-429c114be36sm13470817f8f.18 - gsmtp')
2025-11-02 11:36:49,409 - ERROR - Failed to send email to kabirolawlemohammed@yahoo.com after 3 retries
2025-11-02 11:36:51,763 - WARNING - Attempt 1 failed for skyfortglobalresourcesltd@yahoo.com: (535, b'5.7.8 Username and Password not accepted. For more information, go to\n5.7.8  https://support.google.com/mail/?p=BadCredentials ffacd0b85a97d-429cab8575bsm6533855f8f.31 - gsmtp')
2025-11-02 11:37:00,742 - WARNING - Attempt 2 failed for skyfortglobalresourcesltd@yahoo.com: (535, b'5.7.8 Username and Password not accepted. For more information, go to\n5.7.8  https://support.google.com/mail/?p=BadCredentials 5b1f17b1804b1-4773c383ba6sm92148745e9.10 - gsmtp')
2025-11-02 11:37:05,891 - WARNING - Attempt 3 failed for skyfortglobalresourcesltd@yahoo.com: Connection unexpectedly closed
2025-11-02 11:37:10,891 - ERROR - Failed to send email to skyfortglobalresourcesltd@yahoo.com after 3 retries
2025-11-02 11:37:11,002 - WARNING - Attempt 1 failed for solapeajiboye@gmail.com: Connection unexpectedly closed
2025-11-02 11:37:16,118 - WARNING - Attempt 2 failed for solapeajiboye@gmail.com: Connection unexpectedly closed
2025-11-02 11:37:21,294 - WARNING - Attempt 3 failed for solapeajiboye@gmail.com: Connection unexpectedly closed
2025-11-02 11:37:26,294 - ERROR - Failed to send email to solapeajiboye@gmail.com after 3 retries
2025-11-02 11:37:26,405 - WARNING - Attempt 1 failed for aladeyussuf.kofo@gmail.com: Connection unexpectedly closed
2025-11-02 11:37:31,509 - WARNING - Attempt 2 failed for aladeyussuf.kofo@gmail.com: Connection unexpectedly closed
2025-11-02 11:37:38,196 - WARNING - Attempt 3 failed for aladeyussuf.kofo@gmail.com: Connection unexpectedly closed
2025-11-02 11:37:43,197 - ERROR - Failed to send email to aladeyussuf.kofo@gmail.com after 3 retries
2025-11-02 11:37:43,338 - WARNING - Attempt 1 failed for kabirwale@yahoo.com: Connection unexpectedly closed
2025-11-02 11:37:48,477 - WARNING - Attempt 2 failed for kabirwale@yahoo.com: Connection unexpectedly closed
2025-11-02 11:37:53,622 - WARNING - Attempt 3 failed for kabirwale@yahoo.com: Connection unexpectedly closed
2025-11-02 11:37:58,623 - ERROR - Failed to send email to kabirwale@yahoo.com after 3 retries
2025-11-02 11:37:58,623 - INFO - Daily summary sent to admin kabirwale@yahoo.com
2025-11-02 11:40:34,819 - INFO - Fetching quote...
2025-11-02 11:40:34,819 - INFO - Fetching quote from API...
2025-11-02 11:40:35,849 - INFO - Quote fetched successfully: “A lie can travel half way around the world while the truth is putting on its shoes.” — Mark Twain
2025-11-02 11:40:35,850 - INFO - Preparing to send emails to users...
2025-11-02 11:40:35,850 - INFO - Connecting to the database...
2025-11-02 11:40:35,882 - INFO - Connected to database to fetch active users with daily frequency
2025-11-02 11:40:36,119 - INFO - NumExpr defaulting to 4 threads.
2025-11-02 11:40:36,301 - INFO - Fetched 4 active users with daily frequency
2025-11-02 11:40:36,510 - WARNING - Attempt 1 failed for kabirolawlemohammed@yahoo.com: Connection unexpectedly closed
2025-11-02 11:40:41,686 - WARNING - Attempt 2 failed for kabirolawlemohammed@yahoo.com: Connection unexpectedly closed
2025-11-02 11:40:46,820 - WARNING - Attempt 3 failed for kabirolawlemohammed@yahoo.com: Connection unexpectedly closed
2025-11-02 11:40:51,821 - ERROR - Failed to send email to kabirolawlemohammed@yahoo.com after 3 retries
2025-11-02 11:40:51,975 - WARNING - Attempt 1 failed for skyfortglobalresourcesltd@yahoo.com: Connection unexpectedly closed
2025-11-02 11:40:59,002 - WARNING - Attempt 2 failed for skyfortglobalresourcesltd@yahoo.com: Connection unexpectedly closed
2025-11-02 11:41:04,301 - WARNING - Attempt 3 failed for skyfortglobalresourcesltd@yahoo.com: Connection unexpectedly closed
2025-11-02 11:41:09,302 - ERROR - Failed to send email to skyfortglobalresourcesltd@yahoo.com after 3 retries
2025-11-02 11:41:09,467 - WARNING - Attempt 1 failed for solapeajiboye@gmail.com: Connection unexpectedly closed
2025-11-02 11:41:14,649 - WARNING - Attempt 2 failed for solapeajiboye@gmail.com: Connection unexpectedly closed
2025-11-02 11:41:19,763 - WARNING - Attempt 3 failed for solapeajiboye@gmail.com: Connection unexpectedly closed
2025-11-02 11:41:24,764 - ERROR - Failed to send email to solapeajiboye@gmail.com after 3 retries
2025-11-02 11:41:24,895 - WARNING - Attempt 1 failed for aladeyussuf.kofo@gmail.com: Connection unexpectedly closed
2025-11-02 11:41:31,943 - WARNING - Attempt 2 failed for aladeyussuf.kofo@gmail.com: Connection unexpectedly closed
2025-11-02 11:41:37,066 - WARNING - Attempt 3 failed for aladeyussuf.kofo@gmail.com: Connection unexpectedly closed
2025-11-02 11:41:42,066 - ERROR - Failed to send email to aladeyussuf.kofo@gmail.com after 3 retries
2025-11-02 11:41:42,205 - WARNING - Attempt 1 failed for kabirwale@yahoo.com: Connection unexpectedly closed
2025-11-02 11:41:47,463 - WARNING - Attempt 2 failed for kabirwale@yahoo.com: Connection unexpectedly closed
2025-11-02 11:41:52,677 - WARNING - Attempt 3 failed for kabirwale@yahoo.com: Connection unexpectedly closed
2025-11-02 11:41:57,677 - ERROR - Failed to send email to kabirwale@yahoo.com after 3 retries
2025-11-02 11:41:57,678 - INFO - Daily summary sent to admin kabirwale@yahoo.com
2025-11-02 11:48:29,687 - INFO - Fetching quote...
2025-11-02 11:48:29,687 - INFO - Fetching quote from API...
2025-11-02 11:48:32,468 - INFO - Quote fetched successfully: “A lie can travel half way around the world while the truth is putting on its shoes.” — Mark Twain
2025-11-02 11:48:32,469 - INFO - Preparing to send emails to users...
2025-11-02 11:48:32,470 - INFO - Connecting to the database...
2025-11-02 11:48:32,511 - INFO - Connected to database to fetch active users with daily frequency
2025-11-02 11:48:32,750 - INFO - NumExpr defaulting to 4 threads.
2025-11-02 11:48:32,951 - INFO - Fetched 4 active users with daily frequency
2025-11-02 11:48:46,012 - INFO - Email sent to kabirolawlemohammed@yahoo.com
2025-11-02 11:48:48,528 - INFO - Email sent to skyfortglobalresourcesltd@yahoo.com
2025-11-02 11:48:50,879 - INFO - Email sent to solapeajiboye@gmail.com
2025-11-02 11:48:55,338 - INFO - Email sent to aladeyussuf.kofo@gmail.com
2025-11-02 11:48:55,518 - WARNING - Attempt 1 failed for kabirwale@yahoo.com: Connection unexpectedly closed
2025-11-02 11:49:00,653 - WARNING - Attempt 2 failed for kabirwale@yahoo.com: Connection unexpectedly closed
2025-11-02 11:49:05,801 - WARNING - Attempt 3 failed for kabirwale@yahoo.com: Connection unexpectedly closed
2025-11-02 11:49:10,801 - ERROR - Failed to send email to kabirwale@yahoo.com after 3 retries
2025-11-02 11:49:10,801 - INFO - Daily summary sent to admin kabirwale@yahoo.com
2025-11-02 12:08:19,421 - INFO - Fetching quote...
2025-11-02 12:08:19,470 - INFO - Fetching quote from API...
2025-11-02 12:08:20,663 - INFO - Quote fetched successfully: “A lie can travel half way around the world while the truth is putting on its shoes.” — Mark Twain
2025-11-02 12:08:20,664 - INFO - Preparing to send emails to users...
2025-11-02 12:08:20,665 - INFO - Connecting to the database...
2025-11-02 12:08:20,812 - INFO - Connected to database to fetch active users with daily frequency
2025-11-02 12:08:30,431 - INFO - NumExpr defaulting to 4 threads.
2025-11-02 12:08:32,933 - INFO - Fetched 4 active users with daily frequency
2025-11-02 12:08:35,507 - INFO - Email sent to kabirolawlemohammed@yahoo.com
2025-11-02 12:08:37,761 - INFO - Email sent to skyfortglobalresourcesltd@yahoo.com
2025-11-02 12:08:39,958 - INFO - Email sent to solapeajiboye@gmail.com
2025-11-02 12:08:42,171 - INFO - Email sent to aladeyussuf.kofo@gmail.com
2025-11-02 12:08:44,994 - INFO - Success: Email sent to kabirwale@yahoo.com
2025-11-02 12:08:44,995 - INFO - Daily summary sent to admin kabirwale@yahoo.com
2025-11-03 08:30:41,473 - INFO - Fetching quote...
2025-11-03 08:30:41,500 - INFO - Fetching quote from API...
2025-11-03 08:30:43,540 - INFO - Quote fetched successfully: “The purpose of life is the life of purpose.” — Robin Sharma
2025-11-03 08:30:43,540 - INFO - Preparing to send emails to users...
2025-11-03 08:30:43,541 - INFO - Connecting to the database...
2025-11-03 08:30:43,701 - INFO - Connected to database to fetch active users with daily frequency
2025-11-03 08:30:57,953 - INFO - NumExpr defaulting to 4 threads.
2025-11-03 08:31:03,036 - INFO - Fetched 4 active users with daily frequency
2025-11-03 08:31:20,499 - INFO - Email sent to kabirolawlemohammed@yahoo.com
2025-11-03 08:31:22,908 - INFO - Email sent to skyfortglobalresourcesltd@yahoo.com
2025-11-03 08:31:25,216 - INFO - Email sent to solapeajiboye@gmail.com
2025-11-03 08:31:27,545 - INFO - Email sent to aladeyussuf.kofo@gmail.com
2025-11-03 08:31:30,462 - INFO - Success: Email sent to kabirwale@yahoo.com
2025-11-03 08:31:30,462 - INFO - Daily summary sent to admin kabirwale@yahoo.com
2025-11-03 09:12:06,085 - INFO - Fetching quote...
2025-11-03 09:12:06,097 - INFO - Fetching quote from API...
2025-11-03 09:12:07,918 - INFO - Quote fetched successfully: “The purpose of life is the life of purpose.” — Robin Sharma
2025-11-03 09:12:07,919 - INFO - Preparing to send emails to users...
2025-11-03 09:12:07,919 - INFO - Connecting to the database...
2025-11-03 09:12:07,996 - INFO - Connected to database to fetch active users with daily frequency
2025-11-03 09:12:14,468 - INFO - NumExpr defaulting to 4 threads.
2025-11-03 09:12:17,140 - INFO - Fetched 4 active users with daily frequency
2025-11-03 09:12:21,379 - INFO - Email sent to kabirolawlemohammed@yahoo.com
2025-11-03 09:12:24,575 - INFO - Email sent to skyfortglobalresourcesltd@yahoo.com
2025-11-03 09:12:27,586 - INFO - Email sent to solapeajiboye@gmail.com
2025-11-03 09:12:30,669 - INFO - Email sent to aladeyussuf.kofo@gmail.com
2025-11-03 09:12:34,041 - INFO - Success: Email sent to kabirwale@yahoo.com
2025-11-03 09:12:34,041 - INFO - Daily summary sent to admin kabirwale@yahoo.com
